[2022-12-06T20:25:18.413] [WARN] warn - Ruta /favicon.ico y metodo GET no encontrados
[2022-12-07T16:56:32.606] [WARN] warn - Ruta /favicon.ico y metodo GET no encontrados
[2022-12-07T17:29:26.399] [WARN] warn - Ruta /info y metodo GET no encontrados
[2022-12-07T17:29:38.262] [WARN] warn - Ruta /info y metodo GET no encontrados
[2022-12-07T17:29:44.512] [WARN] warn - Ruta /info y metodo GET no encontrados
[2022-12-07T17:29:46.329] [WARN] warn - Ruta /info y metodo GET no encontrados
[2022-12-07T17:29:46.487] [WARN] warn - Ruta /info y metodo GET no encontrados
[2022-12-07T17:29:46.648] [WARN] warn - Ruta /info y metodo GET no encontrados
[2022-12-07T17:29:46.822] [WARN] warn - Ruta /info y metodo GET no encontrados
[2022-12-07T17:29:48.804] [WARN] warn - Ruta /info y metodo GET no encontrados
[2022-12-07T17:29:59.376] [WARN] warn - Ruta /info y metodo GET no encontrados
[2022-12-07T17:30:10.263] [WARN] warn - Ruta /info y metodo GET no encontrados
[2022-12-07T17:30:15.418] [WARN] warn - Ruta /info y metodo GET no encontrados
[2022-12-07T17:30:18.161] [WARN] warn - Ruta /info y metodo GET no encontrados
[2022-12-07T17:30:24.532] [WARN] warn - Ruta /info y metodo GET no encontrados
[2022-12-07T17:30:41.865] [WARN] warn - Ruta /info y metodo GET no encontrados
[2022-12-07T17:30:49.332] [WARN] warn - Ruta /info y metodo GET no encontrados
[2022-12-07T17:30:57.423] [WARN] warn - Ruta /info y metodo GET no encontrados
[2022-12-07T17:31:02.366] [WARN] warn - Ruta /info y metodo GET no encontrados
[2022-12-07T17:31:07.884] [WARN] warn - Ruta /info y metodo GET no encontrados
[2022-12-07T17:32:29.379] [WARN] warn - Ruta /info y metodo GET no encontrados
[2022-12-07T17:32:48.974] [WARN] warn - Ruta /info y metodo GET no encontrados
[2022-12-07T17:32:54.150] [WARN] warn - Ruta /info y metodo GET no encontrados
[2022-12-07T17:33:08.746] [WARN] warn - Ruta /info y metodo GET no encontrados
[2022-12-07T17:33:39.584] [WARN] warn - Ruta /info y metodo GET no encontrados
[2022-12-07T17:35:26.794] [WARN] warn - Ruta /info y metodo GET no encontrados
[2022-12-07T17:37:25.568] [WARN] warn - Ruta /info y metodo GET no encontrados
[2022-12-07T17:37:29.727] [WARN] warn - Ruta /info y metodo GET no encontrados
[2022-12-09T11:29:22.344] [WARN] warn - Ruta /favicon.ico y metodo GET no encontrados
[2022-12-09T11:30:50.148] [WARN] warn - Ruta /products y metodo GET no encontrados
[2022-12-09T11:30:54.308] [WARN] warn - Ruta /productos y metodo GET no encontrados
[2022-12-09T17:17:31.530] [WARN] warn - Ruta /products y metodo GET no encontrados
[2022-12-09T17:54:15.477] [WARN] warn - Ruta /products y metodo GET no encontrados
[2022-12-09T17:54:26.164] [WARN] warn - Ruta /api y metodo GET no encontrados
[2022-12-09T17:54:31.867] [WARN] warn - Ruta /products y metodo GET no encontrados
[2022-12-09T18:03:18.081] [WARN] warn - Ruta /product y metodo GET no encontrados
[2022-12-09T18:03:31.143] [WARN] warn - Ruta /products y metodo GET no encontrados
[2022-12-09T18:03:36.831] [WARN] warn - Ruta /product y metodo GET no encontrados
[2022-12-09T18:32:31.273] [WARN] warn - Ruta /products y metodo GET no encontrados
[2022-12-09T18:32:35.405] [WARN] warn - Ruta /add y metodo GET no encontrados
[2022-12-09T18:32:40.813] [WARN] warn - Ruta /add y metodo GET no encontrados
[2022-12-09T18:32:47.194] [WARN] warn - Ruta /add y metodo GET no encontrados
[2022-12-09T18:32:52.328] [WARN] warn - Ruta /products/add y metodo GET no encontrados
[2022-12-09T18:32:58.778] [WARN] warn - Ruta /product/add y metodo GET no encontrados
[2022-12-09T18:33:07.554] [WARN] warn - Ruta /product/addProduct y metodo GET no encontrados
[2022-12-09T18:33:46.341] [WARN] warn - Ruta /:id y metodo GET no encontrados
[2022-12-09T18:34:02.005] [WARN] warn - Ruta /:id y metodo GET no encontrados
[2022-12-09T18:34:06.881] [WARN] warn - Ruta /add y metodo GET no encontrados
[2022-12-09T18:37:11.201] [WARN] warn - Ruta /chat y metodo GET no encontrados
[2022-12-10T04:18:04.166] [WARN] warn - Ruta /chat y metodo GET no encontrados
[2022-12-10T15:11:16.135] [WARN] warn - Ruta /add y metodo POST no encontrados
[2022-12-10T15:11:36.533] [WARN] warn - Ruta /add y metodo POST no encontrados
[2022-12-10T15:12:54.531] [WARN] warn - Ruta /add y metodo POST no encontrados
[2022-12-10T15:20:01.687] [WARN] warn - Ruta /add y metodo POST no encontrados
[2022-12-10T15:20:13.014] [WARN] warn - Ruta /add y metodo POST no encontrados
[2022-12-10T15:20:15.848] [WARN] warn - Ruta /products y metodo GET no encontrados
[2022-12-10T15:20:17.660] [WARN] warn - Ruta /products y metodo GET no encontrados
[2022-12-10T15:20:18.780] [WARN] warn - Ruta /products y metodo GET no encontrados
[2022-12-10T15:20:21.738] [WARN] warn - Ruta /home y metodo GET no encontrados
[2022-12-10T15:20:26.725] [WARN] warn - Ruta /home y metodo GET no encontrados
[2022-12-10T15:20:27.668] [WARN] warn - Ruta /products y metodo GET no encontrados
[2022-12-10T15:20:28.308] [WARN] warn - Ruta /products y metodo GET no encontrados
[2022-12-10T15:20:28.874] [WARN] warn - Ruta /products y metodo GET no encontrados
[2022-12-10T15:20:29.476] [WARN] warn - Ruta /products y metodo GET no encontrados
[2022-12-10T15:20:30.011] [WARN] warn - Ruta /products y metodo GET no encontrados
[2022-12-10T15:20:37.812] [WARN] warn - Ruta /products y metodo GET no encontrados
[2022-12-10T15:20:47.434] [WARN] warn - Ruta / y metodo POST no encontrados
[2022-12-10T15:21:04.884] [WARN] warn - Ruta / y metodo POST no encontrados
[2022-12-10T15:21:06.163] [WARN] warn - Ruta /products y metodo GET no encontrados
[2022-12-10T15:21:17.016] [WARN] warn - Ruta /products y metodo GET no encontrados
[2022-12-10T15:21:25.852] [WARN] warn - Ruta /products y metodo POST no encontrados
[2022-12-10T15:21:59.475] [WARN] warn - Ruta /products y metodo GET no encontrados
[2022-12-10T15:22:01.396] [WARN] warn - Ruta /products y metodo GET no encontrados
[2022-12-10T15:22:12.130] [WARN] warn - Ruta / y metodo POST no encontrados
[2022-12-10T15:25:20.957] [WARN] warn - Ruta / y metodo POST no encontrados
[2022-12-10T15:25:21.866] [WARN] warn - Ruta /products y metodo GET no encontrados
[2022-12-10T15:25:31.534] [WARN] warn - Ruta / y metodo POST no encontrados
[2022-12-10T15:25:53.254] [WARN] warn - Ruta / y metodo POST no encontrados
[2022-12-10T15:26:10.946] [WARN] warn - Ruta / y metodo POST no encontrados
[2022-12-10T15:27:12.099] [WARN] warn - Ruta /add y metodo POST no encontrados
[2022-12-10T15:41:20.176] [WARN] warn - Ruta /products y metodo GET no encontrados
[2022-12-10T15:41:21.820] [WARN] warn - Ruta /products y metodo GET no encontrados
[2022-12-10T15:41:58.958] [WARN] warn - Ruta /products y metodo GET no encontrados
[2022-12-10T15:42:14.054] [WARN] warn - Ruta /products y metodo GET no encontrados
[2022-12-10T15:42:18.115] [WARN] warn - Ruta /products y metodo GET no encontrados
[2022-12-10T15:42:24.868] [WARN] warn - Ruta /products y metodo GET no encontrados
[2022-12-10T15:44:15.537] [WARN] warn - Ruta /products y metodo GET no encontrados
[2022-12-10T15:44:16.530] [WARN] warn - Ruta /products y metodo GET no encontrados
[2022-12-10T15:44:17.348] [WARN] warn - Ruta /products y metodo GET no encontrados
[2022-12-10T15:44:27.125] [WARN] warn - Ruta /add y metodo POST no encontrados
[2022-12-10T15:44:33.602] [WARN] warn - Ruta /products y metodo GET no encontrados
[2022-12-10T15:49:58.267] [WARN] warn - Ruta /add y metodo GET no encontrados
[2022-12-10T15:50:39.129] [WARN] warn - Ruta /add y metodo GET no encontrados
[2022-12-10T15:50:40.087] [WARN] warn - Ruta /products y metodo GET no encontrados
[2022-12-10T15:50:50.085] [WARN] warn - Ruta /add y metodo POST no encontrados
[2022-12-10T15:51:19.407] [WARN] warn - Ruta /products y metodo GET no encontrados
[2022-12-10T15:51:33.514] [WARN] warn - Ruta /add y metodo POST no encontrados
[2022-12-10T15:52:25.959] [WARN] warn - Ruta /add y metodo POST no encontrados
[2022-12-10T15:52:34.894] [WARN] warn - Ruta /add y metodo POST no encontrados
[2022-12-10T15:54:56.413] [WARN] warn - Ruta /add y metodo POST no encontrados
[2022-12-10T15:54:57.415] [WARN] warn - Ruta /products y metodo GET no encontrados
[2022-12-10T15:55:05.370] [WARN] warn - Ruta /add y metodo POST no encontrados
[2022-12-10T17:28:33.095] [WARN] warn - Ruta /products y metodo GET no encontrados
[2022-12-10T17:28:33.948] [WARN] warn - Ruta /products y metodo GET no encontrados
